[debug] [2023-07-21T07:35:54.675Z] ----------------------------------------------------------------------
[debug] [2023-07-21T07:35:54.678Z] Command:       C:\Program Files\nodejs\node.exe C:\Users\Netgear\AppData\Roaming\npm\node_modules\firebase-tools\lib\bin\firebase.js init hosting
[debug] [2023-07-21T07:35:54.679Z] CLI Version:   12.4.5
[debug] [2023-07-21T07:35:54.679Z] Platform:      win32
[debug] [2023-07-21T07:35:54.679Z] Node Version:  v18.16.1
[debug] [2023-07-21T07:35:54.681Z] Time:          Fri Jul 21 2023 09:35:54 GMT+0200 (Central European Summer Time)
[debug] [2023-07-21T07:35:54.681Z] ----------------------------------------------------------------------
[debug] 
[debug] [2023-07-21T07:35:54.689Z] > command requires scopes: ["email","openid","https://www.googleapis.com/auth/cloudplatformprojects.readonly","https://www.googleapis.com/auth/firebase","https://www.googleapis.com/auth/cloud-platform"]
[debug] [2023-07-21T07:35:54.689Z] > authorizing via signed-in user (sebastianbellidodg@gmail.com)
[info] 
     ######## #### ########  ######## ########     ###     ######  ########
     ##        ##  ##     ## ##       ##     ##  ##   ##  ##       ##
     ######    ##  ########  ######   ########  #########  ######  ######
     ##        ##  ##    ##  ##       ##     ## ##     ##       ## ##
     ##       #### ##     ## ######## ########  ##     ##  ######  ########

You're about to initialize a Firebase project in this directory:

  C:\Users\Netgear\mabell-web\mabellstudio

[info] 
=== Project Setup
[info] 
[info] First, let's associate this project directory with a Firebase project.
[info] You can create multiple project aliases by running firebase use --add, 
[info] but for now we'll just set up a default project.
[info] 
[debug] [2023-07-21T07:36:11.468Z] >>> [apiv2][query] GET https://firebase.googleapis.com/v1beta1/projects pageSize=100
[debug] [2023-07-21T07:36:12.521Z] <<< [apiv2][status] GET https://firebase.googleapis.com/v1beta1/projects 200
[debug] [2023-07-21T07:36:12.522Z] <<< [apiv2][body] GET https://firebase.googleapis.com/v1beta1/projects [omitted]
[info] i  Using project mabellstudio-11849 (mabellstudio) 
[info] 
=== Hosting Setup
[debug] [2023-07-21T07:36:40.593Z] Error: Cannot find module 'vite'
Require stack:
- C:\Users\Netgear\AppData\Roaming\npm\node_modules\firebase-tools\lib\frameworks\utils.js
- C:\Users\Netgear\AppData\Roaming\npm\node_modules\firebase-tools\lib\frameworks\index.js
- C:\Users\Netgear\AppData\Roaming\npm\node_modules\firebase-tools\lib\emulator\controller.js
- C:\Users\Netgear\AppData\Roaming\npm\node_modules\firebase-tools\lib\emulator\commandUtils.js
- C:\Users\Netgear\AppData\Roaming\npm\node_modules\firebase-tools\lib\commands\database-get.js
- C:\Users\Netgear\AppData\Roaming\npm\node_modules\firebase-tools\lib\commands\index.js
- C:\Users\Netgear\AppData\Roaming\npm\node_modules\firebase-tools\lib\index.js
- C:\Users\Netgear\AppData\Roaming\npm\node_modules\firebase-tools\lib\bin\firebase.js
    at Module._resolveFilename (node:internal/modules/cjs/loader:1077:15)
    at Function.resolve (node:internal/modules/cjs/helpers:116:19)
    at relativeRequire (C:\Users\Netgear\AppData\Roaming\npm\node_modules\firebase-tools\lib\frameworks\utils.js:186:34)
    at getConfig (C:\Users\Netgear\AppData\Roaming\npm\node_modules\firebase-tools\lib\frameworks\vite\index.js:93:59)
    at discover (C:\Users\Netgear\AppData\Roaming\npm\node_modules\firebase-tools\lib\frameworks\vite\index.js:52:68)
    at async C:\Users\Netgear\AppData\Roaming\npm\node_modules\firebase-tools\lib\frameworks\vite\index.js:36:55
    at async discover (C:\Users\Netgear\AppData\Roaming\npm\node_modules\firebase-tools\lib\frameworks\index.js:46:32)
    at async doSetup (C:\Users\Netgear\AppData\Roaming\npm\node_modules\firebase-tools\lib\init\features\hosting\index.js:22:11)
    at async init (C:\Users\Netgear\AppData\Roaming\npm\node_modules\firebase-tools\lib\init\index.js:41:9)
[error] 
[error] Error: An unexpected error has occurred.
